<?xml version="1.0" encoding="UTF-8"?>
<!-- Generated by org.testng.reporters.JUnitReportReporter -->
<testsuite hostname="kaspar-HP-ProBook-4540s" failures="0" tests="1" name="loginPackage.ParameterizationExample" time="0.015" errors="0" timestamp="2022-11-17T14:58:08 IST" skipped="0">
  <testcase classname="loginPackage.ParameterizationExample" name="printName" time="0.015"/>
  <system-out/>
</testsuite> <!-- loginPackage.ParameterizationExample -->
