<?xml version="1.0" encoding="UTF-8"?>
<!-- Generated by org.testng.reporters.JUnitReportReporter -->
<testsuite hostname="kaspar-HP-ProBook-4540s" failures="0" tests="1" name="InterviewQuestions.SampleAnnotationTest" time="0.008" errors="0" timestamp="2022-12-16T12:26:15 IST" skipped="0">
  <testcase classname="InterviewQuestions.SampleAnnotationTest" name="bb" time="0.008"/>
  <system-out/>
</testsuite> <!-- InterviewQuestions.SampleAnnotationTest -->
