<?xml version="1.0" encoding="UTF-8"?>
<!-- Generated by org.testng.reporters.JUnitReportReporter -->
<testsuite hostname="kaspar-HP-ProBook-4540s" failures="0" tests="3" name="loginPackage.ExecuteTestMultipletime" time="0.003" errors="0" timestamp="2022-10-06T18:59:33 IST" skipped="0">
  <testcase classname="loginPackage.ExecuteTestMultipletime" name="testA" time="0.001"/>
  <system-out/>
  <testcase classname="loginPackage.ExecuteTestMultipletime" name="testA" time="0.001"/>
  <system-out/>
  <testcase classname="loginPackage.ExecuteTestMultipletime" name="testA" time="0.001"/>
  <system-out/>
</testsuite> <!-- loginPackage.ExecuteTestMultipletime -->
