<?xml version="1.0" encoding="UTF-8"?>
<!-- Generated by org.testng.reporters.JUnitReportReporter -->
<testsuite hostname="kaspar-HP-ProBook-4540s" failures="0" tests="1" name="loginPackage.CorrectUsername" time="5.998" errors="0" timestamp="2022-06-11T08:26:16 IST" skipped="0">
  <testcase classname="loginPackage.CorrectUsername" name="loginWithCorrectUsername" time="5.998"/>
  <system-out/>
</testsuite> <!-- loginPackage.CorrectUsername -->
