<?xml version="1.0" encoding="UTF-8"?>
<!-- Generated by org.testng.reporters.JUnitReportReporter -->
<testsuite hostname="kaspar-HP-ProBook-4540s" failures="0" tests="1" name="DataDrivenFramework.CorrectUsername" time="5.025" errors="0" timestamp="2022-06-11T19:19:50 IST" skipped="0">
  <testcase classname="DataDrivenFramework.CorrectUsername" name="loginWithBothCorrect" time="5.025"/>
  <system-out/>
</testsuite> <!-- DataDrivenFramework.CorrectUsername -->
