<?xml version="1.0" encoding="UTF-8"?>
<!-- Generated by org.testng.reporters.JUnitReportReporter -->
<testsuite hostname="kaspar-HP-ProBook-4540s" failures="0" tests="1" name="loginPackage.BothInCorrect" time="6.038" errors="0" timestamp="2022-06-11T08:22:41 IST" skipped="0">
  <testcase classname="loginPackage.BothInCorrect" name="loginWithBothInCorrect" time="6.038"/>
  <system-out/>
</testsuite> <!-- loginPackage.BothInCorrect -->
