<?xml version="1.0" encoding="UTF-8"?>
<!-- Generated by org.testng.reporters.JUnitReportReporter -->
<testsuite hostname="kaspar-HP-ProBook-4540s" failures="0" tests="1" name="loginPackage.BothCorrect" time="5.359" errors="0" timestamp="2022-08-08T19:51:25 IST" skipped="0">
  <testcase classname="loginPackage.BothCorrect" name="loginWithBothCorrect" time="5.359"/>
  <system-out/>
</testsuite> <!-- loginPackage.BothCorrect -->
