<?xml version="1.0" encoding="UTF-8"?>
<!-- Generated by org.testng.reporters.JUnitReportReporter -->
<testsuite hostname="kaspar-HP-ProBook-4540s" failures="0" tests="6" name="loginPackage.GroupingExample" time="0.031" errors="0" timestamp="2022-10-06T18:59:33 IST" skipped="0">
  <testcase classname="loginPackage.GroupingExample" name="apple1" time="0.011"/>
  <system-out/>
  <testcase classname="loginPackage.GroupingExample" name="vivo2" time="0.005"/>
  <system-out/>
  <testcase classname="loginPackage.GroupingExample" name="vivo1" time="0.008"/>
  <system-out/>
  <testcase classname="loginPackage.GroupingExample" name="moto2" time="0.002"/>
  <system-out/>
  <testcase classname="loginPackage.GroupingExample" name="moto1" time="0.003"/>
  <system-out/>
  <testcase classname="loginPackage.GroupingExample" name="apple2" time="0.002"/>
  <system-out/>
</testsuite> <!-- loginPackage.GroupingExample -->
