<?xml version="1.0" encoding="UTF-8"?>
<!-- Generated by org.testng.reporters.JUnitReportReporter -->
<testsuite hostname="kaspar-HP-ProBook-4540s" failures="0" tests="1" name="DataDrivenFramework.CorrectPassword" time="4.325" errors="0" timestamp="2022-06-11T19:19:50 IST" skipped="0">
  <testcase classname="DataDrivenFramework.CorrectPassword" name="loginWithBothCorrect" time="4.325"/>
  <system-out/>
</testsuite> <!-- DataDrivenFramework.CorrectPassword -->
