<?xml version="1.0" encoding="UTF-8"?>
<!-- Generated by org.testng.reporters.JUnitReportReporter -->
<testsuite hostname="kaspar-HP-ProBook-4540s" failures="0" tests="1" name="loginPackage.TimeoutExample" time="2.128" errors="0" timestamp="2022-10-06T18:59:33 IST" skipped="0">
  <testcase classname="loginPackage.TimeoutExample" name="testB" time="2.128"/>
  <system-out/>
</testsuite> <!-- loginPackage.TimeoutExample -->
