<?xml version="1.0" encoding="UTF-8"?>
<!-- Generated by org.testng.reporters.JUnitReportReporter -->
<testsuite hostname="kaspar-HP-ProBook-4540s" failures="0" tests="3" name="loginPackage.AnnotationHeirachyExample" time="0.014" errors="0" timestamp="2022-12-16T12:26:44 IST" skipped="0">
  <testcase classname="loginPackage.AnnotationHeirachyExample" name="test" time="0.008"/>
  <system-out/>
  <testcase classname="loginPackage.AnnotationHeirachyExample" name="test3" time="0.004"/>
  <system-out/>
  <testcase classname="loginPackage.AnnotationHeirachyExample" name="test2" time="0.002"/>
  <system-out/>
</testsuite> <!-- loginPackage.AnnotationHeirachyExample -->
