<?xml version="1.0" encoding="UTF-8"?>
<!-- Generated by org.testng.reporters.JUnitReportReporter -->
<testsuite hostname="kaspar-HP-ProBook-4540s" failures="0" tests="3" name="loginPackage.SuiteExample" time="5.786" errors="0" timestamp="2022-10-06T18:59:33 IST" skipped="0">
  <testcase classname="loginPackage.SuiteExample" name="openGoogle" time="2.277"/>
  <system-out/>
  <testcase classname="loginPackage.SuiteExample" name="openYahoo" time="1.356"/>
  <system-out/>
  <testcase classname="loginPackage.SuiteExample" name="openBing" time="2.153"/>
  <system-out/>
</testsuite> <!-- loginPackage.SuiteExample -->
