<?xml version="1.0" encoding="UTF-8"?>
<!-- Generated by org.testng.reporters.JUnitReportReporter -->
<testsuite hostname="kaspar-HP-ProBook-4540s" failures="0" tests="2" name="loginPackage.ParallelTesting" time="5.816" errors="0" timestamp="2022-10-06T18:59:33 IST" skipped="0">
  <testcase classname="loginPackage.ParallelTesting" name="openBing" time="3.787"/>
  <system-out/>
  <testcase classname="loginPackage.ParallelTesting" name="openGoogle" time="2.029"/>
  <system-out/>
</testsuite> <!-- loginPackage.ParallelTesting -->
