<?xml version="1.0" encoding="UTF-8"?>
<!-- Generated by org.testng.reporters.JUnitReportReporter -->
<testsuite hostname="kaspar-HP-ProBook-4540s" failures="0" tests="4" name="loginPackage.SkipATestCase" time="0.015" errors="0" timestamp="2022-10-06T18:59:33 IST" skipped="1">
  <testcase classname="loginPackage.SkipATestCase" name="oneTest" time="0.008"/>
  <system-out/>
  <testcase classname="loginPackage.SkipATestCase" name="threeTest" time="0.005"/>
  <system-out/>
  <testcase classname="loginPackage.SkipATestCase" name="fourTest" time="0.002"/>
  <system-out/>
  <testcase classname="loginPackage.SkipATestCase" name="twoTest">
    <skipped/>
  </testcase> <!-- twoTest -->
  <system-out/>
</testsuite> <!-- loginPackage.SkipATestCase -->
